<?xml version="1.0" encoding="UTF-8"?>
<!-- Generated by org.testng.reporters.JUnitReportReporter -->
<testsuite hostname="APEKSHA-GANESH" name="firsttestNgPackage.TestAnnotation" tests="1" failures="0" timestamp="22 Jun 2019 14:52:35 GMT" time="0.076" errors="0">
  <testcase name="verifyTitle" time="0.076" classname="firsttestNgPackage.TestAnnotation"/>
</testsuite> <!-- firsttestNgPackage.TestAnnotation -->
