<?xml version="1.0" encoding="UTF-8"?>
<!-- Generated by org.testng.reporters.JUnitReportReporter -->
<testsuite hostname="APEKSHA-GANESH" name="firsttestNgPackage.TestAnnotation2" tests="2" failures="0" timestamp="23 Jun 2019 10:39:44 GMT" time="19.625" errors="0">
  <testcase name="CheckingSupportPage" time="6.404" classname="firsttestNgPackage.TestAnnotation2"/>
  <testcase name="CheckingRegisterPage" time="13.221" classname="firsttestNgPackage.TestAnnotation2"/>
</testsuite> <!-- firsttestNgPackage.TestAnnotation2 -->
