<?xml version="1.0" encoding="UTF-8"?>
<!-- Generated by org.testng.reporters.JUnitReportReporter -->
<testsuite hostname="APEKSHA-GANESH" name="firsttestNgPackage.FirstTestNgFile" tests="1" failures="0" timestamp="22 Jun 2019 14:16:30 GMT" time="19.075" errors="0">
  <testcase name="VerifyHomePageTitle" time="19.075" classname="firsttestNgPackage.FirstTestNgFile"/>
</testsuite> <!-- firsttestNgPackage.FirstTestNgFile -->
